# JRE version: OpenJDK Runtime Environment Temurin-21.0.10+7 (21.0.10+7) (build 21.0.10+7-LTS)
# Java VM: OpenJDK 64-Bit Server VM Temurin-21.0.10+7 (21.0.10+7-LTS, mixed mode, sharing, tiered, compressed oops, compressed class ptrs, parallel gc, windows-amd64)
GC Precious Log:
 CardTable entry size: 512
 CPUs: 16 total, 16 available
 Memory: 7811M
 Large Page Support: Disabled
 NUMA Support: Disabled
 Compressed Oops: Enabled (32-bit)
 Alignments: Space 512K, Generation 512K, Heap 2M
 Heap Min Capacity: 100M
 Heap Initial Capacity: 100M
 Heap Max Capacity: 2G
 Pre-touch: Disabled
 Parallel Workers: 13
Heap:
 PSYoungGen      total 21504K, used 20076K [0x00000000d5580000, 0x00000000d6d00000, 0x0000000100000000)
  eden space 18944K, 94% used [0x00000000d5580000,0x00000000d670d2c8,0x00000000d6800000)
  from space 2560K, 82% used [0x00000000d6a80000,0x00000000d6c8dda8,0x00000000d6d00000)
  to   space 2560K, 0% used [0x00000000d6800000,0x00000000d6800000,0x00000000d6a80000)
 ParOldGen       total 68608K, used 52202K [0x0000000080000000, 0x0000000084300000, 0x00000000d5580000)
  object space 68608K, 76% used [0x0000000080000000,0x00000000832fa8d8,0x0000000084300000)
 Metaspace       used 63412K, committed 64896K, reserved 1114112K
  class space    used 6906K, committed 7552K, reserved 1048576K
GC Heap History (20 events):
Event: 11.065 GC heap before
{Heap before GC invocations=30 (full 2):
 PSYoungGen      total 20992K, used 20772K [0x00000000d5580000, 0x00000000d7000000, 0x0000000100000000)
  eden space 18944K, 100% used [0x00000000d5580000,0x00000000d6800000,0x00000000d6800000)
  from space 2048K, 89% used [0x00000000d6d00000,0x00000000d6ec9000,0x00000000d6f00000)
  to   space 1024K, 0% used [0x00000000d6f00000,0x00000000d6f00000,0x00000000d7000000)
 ParOldGen       total 68608K, used 48099K [0x0000000080000000, 0x0000000084300000, 0x00000000d5580000)
  object space 68608K, 70% used [0x0000000080000000,0x0000000082ef8d78,0x0000000084300000)
 Metaspace       used 54087K, committed 55424K, reserved 1114112K
  class space    used 5936K, committed 6528K, reserved 1048576K
}
Event: 11.068 GC heap after
{Heap after GC invocations=30 (full 2):
 PSYoungGen      total 19968K, used 1024K [0x00000000d5580000, 0x00000000d7000000, 0x0000000100000000)
  eden space 18944K, 0% used [0x00000000d5580000,0x00000000d5580000,0x00000000d6800000)
  from space 1024K, 100% used [0x00000000d6f00000,0x00000000d7000000,0x00000000d7000000)
  to   space 3584K, 0% used [0x00000000d6900000,0x00000000d6900000,0x00000000d6c80000)
 ParOldGen       total 68608K, used 50347K [0x0000000080000000, 0x0000000084300000, 0x00000000d5580000)
  object space 68608K, 73% used [0x0000000080000000,0x000000008312ae78,0x0000000084300000)
 Metaspace       used 54087K, committed 55424K, reserved 1114112K
  class space    used 5936K, committed 6528K, reserved 1048576K
}
Event: 11.203 GC heap before
{Heap before GC invocations=31 (full 2):
 PSYoungGen      total 19968K, used 19968K [0x00000000d5580000, 0x00000000d7000000, 0x0000000100000000)
  eden space 18944K, 100% used [0x00000000d5580000,0x00000000d6800000,0x00000000d6800000)
  from space 1024K, 100% used [0x00000000d6f00000,0x00000000d7000000,0x00000000d7000000)
  to   space 3584K, 0% used [0x00000000d6900000,0x00000000d6900000,0x00000000d6c80000)
 ParOldGen       total 68608K, used 50347K [0x0000000080000000, 0x0000000084300000, 0x00000000d5580000)
  object space 68608K, 73% used [0x0000000080000000,0x000000008312ae78,0x0000000084300000)
 Metaspace       used 54118K, committed 55552K, reserved 1114112K
  class space    used 5936K, committed 6592K, reserved 1048576K
}
Event: 11.208 GC heap after
{Heap after GC invocations=31 (full 2):
 PSYoungGen      total 22528K, used 1984K [0x00000000d5580000, 0x00000000d6f80000, 0x0000000100000000)
  eden space 18944K, 0% used [0x00000000d5580000,0x00000000d5580000,0x00000000d6800000)
  from space 3584K, 55% used [0x00000000d6900000,0x00000000d6af0010,0x00000000d6c80000)
  to   space 2560K, 0% used [0x00000000d6d00000,0x00000000d6d00000,0x00000000d6f80000)
 ParOldGen       total 68608K, used 51427K [0x0000000080000000, 0x0000000084300000, 0x00000000d5580000)
  object space 68608K, 74% used [0x0000000080000000,0x0000000083238e78,0x0000000084300000)
 Metaspace       used 54118K, committed 55552K, reserved 1114112K
  class space    used 5936K, committed 6592K, reserved 1048576K
}
Event: 11.609 GC heap before
{Heap before GC invocations=32 (full 2):
 PSYoungGen      total 22528K, used 20928K [0x00000000d5580000, 0x00000000d6f80000, 0x0000000100000000)
  eden space 18944K, 100% used [0x00000000d5580000,0x00000000d6800000,0x00000000d6800000)
  from space 3584K, 55% used [0x00000000d6900000,0x00000000d6af0010,0x00000000d6c80000)
  to   space 2560K, 0% used [0x00000000d6d00000,0x00000000d6d00000,0x00000000d6f80000)
 ParOldGen       total 68608K, used 51427K [0x0000000080000000, 0x0000000084300000, 0x00000000d5580000)
  object space 68608K, 74% used [0x0000000080000000,0x0000000083238e78,0x0000000084300000)
 Metaspace       used 54130K, committed 55552K, reserved 1114112K
  class space    used 5937K, committed 6592K, reserved 1048576K
}
Event: 11.616 GC heap after
{Heap after GC invocations=32 (full 2):
 PSYoungGen      total 20992K, used 1880K [0x00000000d5580000, 0x00000000d6f00000, 0x0000000100000000)
  eden space 18944K, 0% used [0x00000000d5580000,0x00000000d5580000,0x00000000d6800000)
  from space 2048K, 91% used [0x00000000d6d00000,0x00000000d6ed6200,0x00000000d6f00000)
  to   space 2048K, 0% used [0x00000000d6b00000,0x00000000d6b00000,0x00000000d6d00000)
 ParOldGen       total 68608K, used 53219K [0x0000000080000000, 0x0000000084300000, 0x00000000d5580000)
  object space 68608K, 77% used [0x0000000080000000,0x00000000833f8e88,0x0000000084300000)
 Metaspace       used 54130K, committed 55552K, reserved 1114112K
  class space    used 5937K, committed 6592K, reserved 1048576K
}
Event: 12.119 GC heap before
{Heap before GC invocations=33 (full 2):
 PSYoungGen      total 20992K, used 20824K [0x00000000d5580000, 0x00000000d6f00000, 0x0000000100000000)
  eden space 18944K, 100% used [0x00000000d5580000,0x00000000d6800000,0x00000000d6800000)
  from space 2048K, 91% used [0x00000000d6d00000,0x00000000d6ed6200,0x00000000d6f00000)
  to   space 2048K, 0% used [0x00000000d6b00000,0x00000000d6b00000,0x00000000d6d00000)
 ParOldGen       total 68608K, used 53219K [0x0000000080000000, 0x0000000084300000, 0x00000000d5580000)
  object space 68608K, 77% used [0x0000000080000000,0x00000000833f8e88,0x0000000084300000)
 Metaspace       used 55995K, committed 57408K, reserved 1114112K
  class space    used 6185K, committed 6784K, reserved 1048576K
}
Event: 12.122 GC heap after
{Heap after GC invocations=33 (full 2):
 PSYoungGen      total 19968K, used 975K [0x00000000d5580000, 0x00000000d6d80000, 0x0000000100000000)
  eden space 18944K, 0% used [0x00000000d5580000,0x00000000d5580000,0x00000000d6800000)
  from space 1024K, 95% used [0x00000000d6b00000,0x00000000d6bf3df0,0x00000000d6c00000)
  to   space 1536K, 0% used [0x00000000d6c00000,0x00000000d6c00000,0x00000000d6d80000)
 ParOldGen       total 68608K, used 54800K [0x0000000080000000, 0x0000000084300000, 0x00000000d5580000)
  object space 68608K, 79% used [0x0000000080000000,0x00000000835843e0,0x0000000084300000)
 Metaspace       used 55995K, committed 57408K, reserved 1114112K
  class space    used 6185K, committed 6784K, reserved 1048576K
}
Event: 12.438 GC heap before
{Heap before GC invocations=34 (full 2):
 PSYoungGen      total 19968K, used 19919K [0x00000000d5580000, 0x00000000d6d80000, 0x0000000100000000)
  eden space 18944K, 100% used [0x00000000d5580000,0x00000000d6800000,0x00000000d6800000)
  from space 1024K, 95% used [0x00000000d6b00000,0x00000000d6bf3df0,0x00000000d6c00000)
  to   space 1536K, 0% used [0x00000000d6c00000,0x00000000d6c00000,0x00000000d6d80000)
 ParOldGen       total 68608K, used 54800K [0x0000000080000000, 0x0000000084300000, 0x00000000d5580000)
  object space 68608K, 79% used [0x0000000080000000,0x00000000835843e0,0x0000000084300000)
 Metaspace       used 56826K, committed 58240K, reserved 1114112K
  class space    used 6286K, committed 6912K, reserved 1048576K
}
Event: 12.439 GC heap after
{Heap after GC invocations=34 (full 2):
 PSYoungGen      total 19456K, used 480K [0x00000000d5580000, 0x00000000d6c80000, 0x0000000100000000)
  eden space 18944K, 0% used [0x00000000d5580000,0x00000000d5580000,0x00000000d6800000)
  from space 512K, 93% used [0x00000000d6c00000,0x00000000d6c78000,0x00000000d6c80000)
  to   space 1024K, 0% used [0x00000000d6a80000,0x00000000d6a80000,0x00000000d6b80000)
 ParOldGen       total 68608K, used 55543K [0x0000000080000000, 0x0000000084300000, 0x00000000d5580000)
  object space 68608K, 80% used [0x0000000080000000,0x000000008363dde8,0x0000000084300000)
 Metaspace       used 56826K, committed 58240K, reserved 1114112K
  class space    used 6286K, committed 6912K, reserved 1048576K
}
Event: 12.648 GC heap before
{Heap before GC invocations=35 (full 2):
 PSYoungGen      total 19456K, used 14824K [0x00000000d5580000, 0x00000000d6c80000, 0x0000000100000000)
  eden space 18944K, 75% used [0x00000000d5580000,0x00000000d6382360,0x00000000d6800000)
  from space 512K, 93% used [0x00000000d6c00000,0x00000000d6c78000,0x00000000d6c80000)
  to   space 1024K, 0% used [0x00000000d6a80000,0x00000000d6a80000,0x00000000d6b80000)
 ParOldGen       total 68608K, used 55543K [0x0000000080000000, 0x0000000084300000, 0x00000000d5580000)
  object space 68608K, 80% used [0x0000000080000000,0x000000008363dde8,0x0000000084300000)
 Metaspace       used 58444K, committed 59776K, reserved 1114112K
  class space    used 6445K, committed 7040K, reserved 1048576K
}
Event: 12.649 GC heap after
{Heap after GC invocations=35 (full 2):
 PSYoungGen      total 19968K, used 544K [0x00000000d5580000, 0x00000000d6c80000, 0x0000000100000000)
  eden space 18944K, 0% used [0x00000000d5580000,0x00000000d5580000,0x00000000d6800000)
  from space 1024K, 53% used [0x00000000d6a80000,0x00000000d6b08000,0x00000000d6b80000)
  to   space 1024K, 0% used [0x00000000d6b80000,0x00000000d6b80000,0x00000000d6c80000)
 ParOldGen       total 68608K, used 55823K [0x0000000080000000, 0x0000000084300000, 0x00000000d5580000)
  object space 68608K, 81% used [0x0000000080000000,0x0000000083683de8,0x0000000084300000)
 Metaspace       used 58444K, committed 59776K, reserved 1114112K
  class space    used 6445K, committed 7040K, reserved 1048576K
}
Event: 12.649 GC heap before
{Heap before GC invocations=36 (full 3):
 PSYoungGen      total 19968K, used 544K [0x00000000d5580000, 0x00000000d6c80000, 0x0000000100000000)
  eden space 18944K, 0% used [0x00000000d5580000,0x00000000d5580000,0x00000000d6800000)
  from space 1024K, 53% used [0x00000000d6a80000,0x00000000d6b08000,0x00000000d6b80000)
  to   space 1024K, 0% used [0x00000000d6b80000,0x00000000d6b80000,0x00000000d6c80000)
 ParOldGen       total 68608K, used 55823K [0x0000000080000000, 0x0000000084300000, 0x00000000d5580000)
  object space 68608K, 81% used [0x0000000080000000,0x0000000083683de8,0x0000000084300000)
 Metaspace       used 58444K, committed 59776K, reserved 1114112K
  class space    used 6445K, committed 7040K, reserved 1048576K
}
Event: 12.702 GC heap after
{Heap after GC invocations=36 (full 3):
 PSYoungGen      total 19968K, used 0K [0x00000000d5580000, 0x00000000d6c80000, 0x0000000100000000)
  eden space 18944K, 0% used [0x00000000d5580000,0x00000000d5580000,0x00000000d6800000)
  from space 1024K, 0% used [0x00000000d6a80000,0x00000000d6a80000,0x00000000d6b80000)
  to   space 1024K, 0% used [0x00000000d6b80000,0x00000000d6b80000,0x00000000d6c80000)
 ParOldGen       total 68608K, used 48272K [0x0000000080000000, 0x0000000084300000, 0x00000000d5580000)
  object space 68608K, 70% used [0x0000000080000000,0x0000000082f24268,0x0000000084300000)
 Metaspace       used 58444K, committed 59776K, reserved 1114112K
  class space    used 6445K, committed 7040K, reserved 1048576K
}
Event: 13.048 GC heap before
{Heap before GC invocations=37 (full 3):
 PSYoungGen      total 19968K, used 18944K [0x00000000d5580000, 0x00000000d6c80000, 0x0000000100000000)
  eden space 18944K, 100% used [0x00000000d5580000,0x00000000d6800000,0x00000000d6800000)
  from space 1024K, 0% used [0x00000000d6a80000,0x00000000d6a80000,0x00000000d6b80000)
  to   space 1024K, 0% used [0x00000000d6b80000,0x00000000d6b80000,0x00000000d6c80000)
 ParOldGen       total 68608K, used 48272K [0x0000000080000000, 0x0000000084300000, 0x00000000d5580000)
  object space 68608K, 70% used [0x0000000080000000,0x0000000082f24268,0x0000000084300000)
 Metaspace       used 59840K, committed 61248K, reserved 1114112K
  class space    used 6563K, committed 7168K, reserved 1048576K
}
Event: 14.080 GC heap after
{Heap after GC invocations=37 (full 3):
 PSYoungGen      total 19968K, used 998K [0x00000000d5580000, 0x00000000d6f00000, 0x0000000100000000)
  eden space 18944K, 0% used [0x00000000d5580000,0x00000000d5580000,0x00000000d6800000)
  from space 1024K, 97% used [0x00000000d6b80000,0x00000000d6c79a68,0x00000000d6c80000)
  to   space 3584K, 0% used [0x00000000d6800000,0x00000000d6800000,0x00000000d6b80000)
 ParOldGen       total 68608K, used 50262K [0x0000000080000000, 0x0000000084300000, 0x00000000d5580000)
  object space 68608K, 73% used [0x0000000080000000,0x0000000083115ab0,0x0000000084300000)
 Metaspace       used 59840K, committed 61248K, reserved 1114112K
  class space    used 6563K, committed 7168K, reserved 1048576K
}
Event: 14.474 GC heap before
{Heap before GC invocations=38 (full 3):
 PSYoungGen      total 19968K, used 19934K [0x00000000d5580000, 0x00000000d6f00000, 0x0000000100000000)
  eden space 18944K, 99% used [0x00000000d5580000,0x00000000d67fe060,0x00000000d6800000)
  from space 1024K, 97% used [0x00000000d6b80000,0x00000000d6c79a68,0x00000000d6c80000)
  to   space 3584K, 0% used [0x00000000d6800000,0x00000000d6800000,0x00000000d6b80000)
 ParOldGen       total 68608K, used 50262K [0x0000000080000000, 0x0000000084300000, 0x00000000d5580000)
  object space 68608K, 73% used [0x0000000080000000,0x0000000083115ab0,0x0000000084300000)
 Metaspace       used 62041K, committed 63424K, reserved 1114112K
  class space    used 6770K, committed 7360K, reserved 1048576K
}
Event: 14.478 GC heap after
{Heap after GC invocations=38 (full 3):
 PSYoungGen      total 21504K, used 2095K [0x00000000d5580000, 0x00000000d6d00000, 0x0000000100000000)
  eden space 18944K, 0% used [0x00000000d5580000,0x00000000d5580000,0x00000000d6800000)
  from space 2560K, 81% used [0x00000000d6800000,0x00000000d6a0bee8,0x00000000d6a80000)
  to   space 2560K, 0% used [0x00000000d6a80000,0x00000000d6a80000,0x00000000d6d00000)
 ParOldGen       total 68608K, used 50726K [0x0000000080000000, 0x0000000084300000, 0x00000000d5580000)
  object space 68608K, 73% used [0x0000000080000000,0x0000000083189ab0,0x0000000084300000)
 Metaspace       used 62041K, committed 63424K, reserved 1114112K
  class space    used 6770K, committed 7360K, reserved 1048576K
}
Event: 14.698 GC heap before
{Heap before GC invocations=39 (full 3):
 PSYoungGen      total 21504K, used 21031K [0x00000000d5580000, 0x00000000d6d00000, 0x0000000100000000)
  eden space 18944K, 99% used [0x00000000d5580000,0x00000000d67fdd38,0x00000000d6800000)
  from space 2560K, 81% used [0x00000000d6800000,0x00000000d6a0bee8,0x00000000d6a80000)
  to   space 2560K, 0% used [0x00000000d6a80000,0x00000000d6a80000,0x00000000d6d00000)
 ParOldGen       total 68608K, used 50726K [0x0000000080000000, 0x0000000084300000, 0x00000000d5580000)
  object space 68608K, 73% used [0x0000000080000000,0x0000000083189ab0,0x0000000084300000)
 Metaspace       used 62949K, committed 64384K, reserved 1114112K
  class space    used 6870K, committed 7488K, reserved 1048576K
}
Event: 14.702 GC heap after
{Heap after GC invocations=39 (full 3):
 PSYoungGen      total 21504K, used 2103K [0x00000000d5580000, 0x00000000d6d00000, 0x0000000100000000)
  eden space 18944K, 0% used [0x00000000d5580000,0x00000000d5580000,0x00000000d6800000)
  from space 2560K, 82% used [0x00000000d6a80000,0x00000000d6c8dda8,0x00000000d6d00000)
  to   space 2560K, 0% used [0x00000000d6800000,0x00000000d6800000,0x00000000d6a80000)
 ParOldGen       total 68608K, used 52202K [0x0000000080000000, 0x0000000084300000, 0x00000000d5580000)
  object space 68608K, 76% used [0x0000000080000000,0x00000000832fa8d8,0x0000000084300000)
 Metaspace       used 62949K, committed 64384K, reserved 1114112K
  class space    used 6870K, committed 7488K, reserved 1048576K
}

